<?xml version="1.0" encoding="UTF-8"?>
<testsuite name="Cucumber" time="0.675" tests="10" skipped="0" failures="0" errors="0">
<testcase classname="Basket functionality test" name="Check login with valid credentials" time="0.034">
<system-out><![CDATA[
Given User should launch Chrome browser.....................................passed
When user enters valid username and password................................passed
And clicks on login button..................................................passed
Then user is navigated to the home page.....................................passed
]]></system-out>
</testcase>
<testcase classname="Basket functionality test" name="Check login with invalid credentials" time="0.005">
<system-out><![CDATA[
Given user is on login page.................................................passed
When user enters invalid username and password..............................passed
And clicks on login button..................................................passed
Then error message is displayed - Invalid Credentials.......................passed
]]></system-out>
</testcase>
<testcase classname="Basket functionality test" name="Check login with credentials" time="0.008">
<system-out><![CDATA[
Given user is on login page.................................................passed
When user enters invalid username and password..............................passed
And clicks on login button..................................................passed
Then error message is displayed - Invalid Credentials.......................passed
]]></system-out>
</testcase>
<testcase classname="Basket functionality test" name="Search basket items visiable or not" time="0.016">
<system-out><![CDATA[
Given user is on login page.................................................passed
When user enters invalid username and password..............................passed
And clicks on login button..................................................passed
Then error message is displayed - Invalid Credentials.......................passed
]]></system-out>
</testcase>
<testcase classname="Demo features test" name="Check login with credentials" time="0.008">
<system-out><![CDATA[
Given user is on login page.................................................passed
When user enters invalid username and password..............................passed
And clicks on login button..................................................passed
Then error message is displayed - Invalid Credentials.......................passed
]]></system-out>
</testcase>
<testcase classname="Demo features test" name="Search basket items visiable or not" time="0.01">
<system-out><![CDATA[
Given user is on login page.................................................passed
When user enters invalid username and password..............................passed
And clicks on login button..................................................passed
Then error message is displayed - Invalid Credentials.......................passed
]]></system-out>
</testcase>
<testcase classname="Other functionality test" name="Check login with valid credentials" time="0.009">
<system-out><![CDATA[
Given User should launch Chrome browser.....................................passed
When user enters valid username and password................................passed
And clicks on login button..................................................passed
Then user is navigated to the home page.....................................passed
]]></system-out>
</testcase>
<testcase classname="Other functionality test" name="Check login with invalid credentials" time="0.003">
<system-out><![CDATA[
Given user is on login page.................................................passed
When user enters invalid username and password..............................passed
And clicks on login button..................................................passed
Then error message is displayed - Invalid Credentials.......................passed
]]></system-out>
</testcase>
<testcase classname="login functionality test" name="Check login with valid credentials" time="0.009">
<system-out><![CDATA[
Given User should launch Chrome browser.....................................passed
When user enters valid username and password................................passed
And clicks on login button..................................................passed
Then user is navigated to the home page.....................................passed
]]></system-out>
</testcase>
<testcase classname="login functionality test" name="Check login with invalid credentials" time="0.005">
<system-out><![CDATA[
Given user is on login page.................................................passed
When user enters invalid username and password..............................passed
And clicks on login button..................................................passed
Then error message is displayed - Invalid Credentials.......................passed
]]></system-out>
</testcase>
</testsuite>
